2023-07-28 16:43:06,928 Coin: BNB, Free: 1008.16000000, Locked: 0.00000000
2023-07-28 16:43:06,929 Coin: BTC, Free: 1.08090500, Locked: 0.00000000
2023-07-28 16:43:06,929 Coin: BUSD, Free: 10000.00000000, Locked: 0.00000000
2023-07-28 16:43:06,929 Coin: ETH, Free: 102.98600000, Locked: 0.00000000
2023-07-28 16:43:06,929 Coin: LTC, Free: 500.00000000, Locked: 0.00000000
2023-07-28 16:43:06,929 Coin: TRX, Free: 500000.00000000, Locked: 0.00000000
2023-07-28 16:43:06,929 Coin: USDT, Free: 97.25646551, Locked: 0.00000000
2023-07-28 16:43:06,929 Coin: XRP, Free: 50000.00000000, Locked: 0.00000000
2023-07-28 16:43:06,929 Getting top 10 coins...
2023-07-28 16:43:11,844 Top coins: [{'symbol': 'BTCUSDT', 'priceChange': '61.39000000', 'priceChangePercent': '0.209', 'weightedAvgPrice': '29228.10328498', 'prevClosePrice': '29371.05000000', 'lastPrice': '29432.44000000', 'lastQty': '0.00050000', 'bidPrice': '29432.44000000', 'bidQty': '0.08172300', 'askPrice': '29432.45000000', 'askQty': '0.06727300', 'openPrice': '29371.05000000', 'highPrice': '29641.07000000', 'lowPrice': '28383.99000000', 'volume': '4448.15708400', 'quoteVolume': '130011194.67897734', 'openTime': 1690468984838, 'closeTime': 1690555384838, 'firstId': 2845636, 'lastId': 2952919, 'count': 107284}, {'symbol': 'ETHUSDT', 'priceChange': '6.72000000', 'priceChangePercent': '0.359', 'weightedAvgPrice': '1865.17342455', 'prevClosePrice': '1870.49000000', 'lastPrice': '1876.98000000', 'lastQty': '0.50614000', 'bidPrice': '1876.49000000', 'bidQty': '0.30376000', 'askPrice': '1876.50000000', 'askQty': '0.36238000', 'openPrice': '1870.26000000', 'highPrice': '2179.85000000', 'lowPrice': '1327.69000000', 'volume': '8904.40524000', 'quoteVolume': '16608260.01503350', 'openTime': 1690468989300, 'closeTime': 1690555389300, 'firstId': 1096402, 'lastId': 1133317, 'count': 36916}, {'symbol': 'BNBUSDT', 'priceChange': '1.60000000', 'priceChangePercent': '0.665', 'weightedAvgPrice': '240.93915009', 'prevClosePrice': '240.70000000', 'lastPrice': '242.30000000', 'lastQty': '9.13000000', 'bidPrice': '242.20000000', 'bidQty': '12.23000000', 'askPrice': '242.30000000', 'askQty': '11.73000000', 'openPrice': '240.70000000', 'highPrice': '242.80000000', 'lowPrice': '234.00000000', 'volume': '36041.22000000', 'quoteVolume': '8683740.91490000', 'openTime': 1690468971843, 'closeTime': 1690555371843, 'firstId': 161420, 'lastId': 165707, 'count': 4288}, {'symbol': 'XRPUSDT', 'priceChange': '0.00350000', 'priceChangePercent': '0.491', 'weightedAvgPrice': '0.71506268', 'prevClosePrice': '0.71220000', 'lastPrice': '0.71570000', 'lastQty': '130.50000000', 'bidPrice': '0.71450000', 'bidQty': '1175.70000000', 'askPrice': '0.71460000', 'askQty': '741.70000000', 'openPrice': '0.71220000', 'highPrice': '0.73240000', 'lowPrice': '0.70280000', 'volume': '8636109.80000000', 'quoteVolume': '6175359.82407000', 'openTime': 1690468984506, 'closeTime': 1690555384506, 'firstId': 405101, 'lastId': 417353, 'count': 12253}, {'symbol': 'LTCUSDT', 'priceChange': '0.80000000', 'priceChangePercent': '0.880', 'weightedAvgPrice': '90.73557815', 'prevClosePrice': '90.90000000', 'lastPrice': '91.69000000', 'lastQty': '6.87098000', 'bidPrice': '91.59000000', 'bidQty': '9.17131000', 'askPrice': '91.60000000', 'askQty': '6.00437000', 'openPrice': '90.89000000', 'highPrice': '167.00000000', 'lowPrice': '32.10000000', 'volume': '40137.42529000', 'quoteVolume': '3641892.48931160', 'openTime': 1690468984243, 'closeTime': 1690555384243, 'firstId': 359408, 'lastId': 367036, 'count': 7629}, {'symbol': 'TRXUSDT', 'priceChange': '0.00161000', 'priceChangePercent': '1.957', 'weightedAvgPrice': '0.08329738', 'prevClosePrice': '0.08225000', 'lastPrice': '0.08387000', 'lastQty': '7273.20000000', 'bidPrice': '0.08383000', 'bidQty': '238.60000000', 'askPrice': '0.08384000', 'askQty': '9064.90000000', 'openPrice': '0.08226000', 'highPrice': '0.08429000', 'lowPrice': '0.08213000', 'volume': '15401447.40000000', 'quoteVolume': '1282900.16013900', 'openTime': 1690468975468, 'closeTime': 1690555375468, 'firstId': 85429, 'lastId': 88013, 'count': 2585}]
2023-07-28 16:43:16,544 Processing coin: BTCUSDT
2023-07-28 16:43:16,544 Ticker prices: {'BNBUSDT': 242.3, 'BTCUSDT': 29438.3, 'ETHUSDT': 1876.58, 'LTCUSDT': 91.61, 'TRXUSDT': 0.08387, 'XRPUSDT': 0.7148}
2023-07-28 16:43:16,545 Balances: {'BNB': 1008.16, 'BTC': 1.080905, 'BUSD': 10000.0, 'ETH': 102.986, 'LTC': 500.0, 'TRX': 500000.0, 'USDT': 97.25646551, 'XRP': 50000.0}
2023-07-28 16:43:16,545 Current price of BTCUSDT: 29438.3
2023-07-28 16:43:16,545 Balance of BTCUSDT: 1.080905 (31820.0056615 USDT)
2023-07-28 16:43:17,165 Success Rate: 0.5
2023-07-28 16:43:17,430 Current balance: 97.25646551
2023-07-28 16:43:17,430 Processing coin: ETHUSDT
2023-07-28 16:43:17,430 Ticker prices: {'BNBUSDT': 242.3, 'BTCUSDT': 29438.3, 'ETHUSDT': 1876.58, 'LTCUSDT': 91.61, 'TRXUSDT': 0.08387, 'XRPUSDT': 0.7148}
2023-07-28 16:43:17,430 Balances: {'BNB': 1008.16, 'BTC': 1.080905, 'BUSD': 10000.0, 'ETH': 102.986, 'LTC': 500.0, 'TRX': 500000.0, 'USDT': 97.25646551, 'XRP': 50000.0}
2023-07-28 16:43:17,430 Current price of ETHUSDT: 1876.58
2023-07-28 16:43:17,431 Balance of ETHUSDT: 102.986 (193261.46788 USDT)
2023-07-28 16:43:17,781 Success Rate: 0.5
2023-07-28 16:43:18,184 Current balance: 97.25646551
2023-07-28 16:43:18,184 Processing coin: BNBUSDT
2023-07-28 16:43:18,184 Ticker prices: {'BNBUSDT': 242.3, 'BTCUSDT': 29438.3, 'ETHUSDT': 1876.58, 'LTCUSDT': 91.61, 'TRXUSDT': 0.08387, 'XRPUSDT': 0.7148}
2023-07-28 16:43:18,184 Balances: {'BNB': 1008.16, 'BTC': 1.080905, 'BUSD': 10000.0, 'ETH': 102.986, 'LTC': 500.0, 'TRX': 500000.0, 'USDT': 97.25646551, 'XRP': 50000.0}
2023-07-28 16:43:18,184 Current price of BNBUSDT: 242.3
2023-07-28 16:43:18,184 Balance of BNBUSDT: 1008.16 (244277.168 USDT)
2023-07-28 16:43:18,495 Success Rate: 0.3333333333333333
2023-07-28 16:43:18,760 Current balance: 97.25646551
2023-07-28 16:43:18,761 Processing coin: XRPUSDT
2023-07-28 16:43:18,761 Ticker prices: {'BNBUSDT': 242.3, 'BTCUSDT': 29438.3, 'ETHUSDT': 1876.58, 'LTCUSDT': 91.61, 'TRXUSDT': 0.08387, 'XRPUSDT': 0.7148}
2023-07-28 16:43:18,761 Balances: {'BNB': 1008.16, 'BTC': 1.080905, 'BUSD': 10000.0, 'ETH': 102.986, 'LTC': 500.0, 'TRX': 500000.0, 'USDT': 97.25646551, 'XRP': 50000.0}
2023-07-28 16:43:18,761 Current price of XRPUSDT: 0.7148
2023-07-28 16:43:18,761 Balance of XRPUSDT: 50000.0 (35740.0 USDT)
2023-07-28 16:43:19,043 Success Rate: 0.3333333333333333
2023-07-28 16:43:19,411 Current balance: 97.25646551
2023-07-28 16:43:19,412 Processing coin: LTCUSDT
2023-07-28 16:43:19,412 Ticker prices: {'BNBUSDT': 242.3, 'BTCUSDT': 29438.3, 'ETHUSDT': 1876.58, 'LTCUSDT': 91.61, 'TRXUSDT': 0.08387, 'XRPUSDT': 0.7148}
2023-07-28 16:43:19,412 Balances: {'BNB': 1008.16, 'BTC': 1.080905, 'BUSD': 10000.0, 'ETH': 102.986, 'LTC': 500.0, 'TRX': 500000.0, 'USDT': 97.25646551, 'XRP': 50000.0}
2023-07-28 16:43:19,412 Current price of LTCUSDT: 91.61
2023-07-28 16:43:19,412 Balance of LTCUSDT: 500.0 (45805.0 USDT)
2023-07-28 16:43:19,828 Success Rate: 0.5
2023-07-28 16:43:20,230 Current balance: 97.25646551
2023-07-28 16:43:20,230 Processing coin: TRXUSDT
2023-07-28 16:43:20,230 Ticker prices: {'BNBUSDT': 242.3, 'BTCUSDT': 29438.3, 'ETHUSDT': 1876.58, 'LTCUSDT': 91.61, 'TRXUSDT': 0.08387, 'XRPUSDT': 0.7148}
2023-07-28 16:43:20,230 Balances: {'BNB': 1008.16, 'BTC': 1.080905, 'BUSD': 10000.0, 'ETH': 102.986, 'LTC': 500.0, 'TRX': 500000.0, 'USDT': 97.25646551, 'XRP': 50000.0}
2023-07-28 16:43:20,230 Current price of TRXUSDT: 0.08387
2023-07-28 16:43:20,231 Balance of TRXUSDT: 500000.0 (41935.0 USDT)
2023-07-28 16:43:20,505 Success Rate: 0.6
2023-07-28 16:43:20,766 Current balance: 97.25646551
2023-07-28 16:44:25,870 Processing coin: BTCUSDT
2023-07-28 16:44:25,870 Ticker prices: {'BNBUSDT': 242.3, 'BTCUSDT': 29438.01, 'ETHUSDT': 1876.52, 'LTCUSDT': 91.63, 'TRXUSDT': 0.08384, 'XRPUSDT': 0.7148}
2023-07-28 16:44:25,870 Balances: {'BNB': 1008.16, 'BTC': 1.080905, 'BUSD': 10000.0, 'ETH': 102.986, 'LTC': 500.0, 'TRX': 500000.0, 'USDT': 97.25646551, 'XRP': 50000.0}
2023-07-28 16:44:25,870 Current price of BTCUSDT: 29438.01
2023-07-28 16:44:25,871 Balance of BTCUSDT: 1.080905 (31819.692199049998 USDT)
2023-07-28 16:44:26,849 Success Rate: 0.3333333333333333
2023-07-28 16:44:27,814 Current balance: 97.25646551
2023-07-28 16:44:27,815 Processing coin: ETHUSDT
2023-07-28 16:44:27,815 Ticker prices: {'BNBUSDT': 242.3, 'BTCUSDT': 29438.01, 'ETHUSDT': 1876.52, 'LTCUSDT': 91.63, 'TRXUSDT': 0.08384, 'XRPUSDT': 0.7148}
2023-07-28 16:44:27,815 Balances: {'BNB': 1008.16, 'BTC': 1.080905, 'BUSD': 10000.0, 'ETH': 102.986, 'LTC': 500.0, 'TRX': 500000.0, 'USDT': 97.25646551, 'XRP': 50000.0}
2023-07-28 16:44:27,815 Current price of ETHUSDT: 1876.52
2023-07-28 16:44:27,815 Balance of ETHUSDT: 102.986 (193255.28872 USDT)
2023-07-28 16:44:28,846 Success Rate: 0.5
2023-07-28 16:44:29,575 Current balance: 97.25646551
2023-07-28 16:44:29,575 Processing coin: BNBUSDT
2023-07-28 16:44:29,575 Ticker prices: {'BNBUSDT': 242.3, 'BTCUSDT': 29438.01, 'ETHUSDT': 1876.52, 'LTCUSDT': 91.63, 'TRXUSDT': 0.08384, 'XRPUSDT': 0.7148}
2023-07-28 16:44:29,576 Balances: {'BNB': 1008.16, 'BTC': 1.080905, 'BUSD': 10000.0, 'ETH': 102.986, 'LTC': 500.0, 'TRX': 500000.0, 'USDT': 97.25646551, 'XRP': 50000.0}
2023-07-28 16:44:29,576 Current price of BNBUSDT: 242.3
2023-07-28 16:44:29,576 Balance of BNBUSDT: 1008.16 (244277.168 USDT)
2023-07-28 16:44:30,379 Success Rate: 0.3333333333333333
2023-07-28 16:44:31,503 Current balance: 97.25646551
2023-07-28 16:44:31,504 Processing coin: XRPUSDT
2023-07-28 16:44:31,504 Ticker prices: {'BNBUSDT': 242.3, 'BTCUSDT': 29438.01, 'ETHUSDT': 1876.52, 'LTCUSDT': 91.63, 'TRXUSDT': 0.08384, 'XRPUSDT': 0.7148}
2023-07-28 16:44:31,504 Balances: {'BNB': 1008.16, 'BTC': 1.080905, 'BUSD': 10000.0, 'ETH': 102.986, 'LTC': 500.0, 'TRX': 500000.0, 'USDT': 97.25646551, 'XRP': 50000.0}
2023-07-28 16:44:31,504 Current price of XRPUSDT: 0.7148
2023-07-28 16:44:31,504 Balance of XRPUSDT: 50000.0 (35740.0 USDT)
2023-07-28 16:44:32,033 Success Rate: 0.3333333333333333
2023-07-28 16:44:32,322 Current balance: 97.25646551
2023-07-28 16:44:32,322 Processing coin: LTCUSDT
2023-07-28 16:44:32,322 Ticker prices: {'BNBUSDT': 242.3, 'BTCUSDT': 29438.01, 'ETHUSDT': 1876.52, 'LTCUSDT': 91.63, 'TRXUSDT': 0.08384, 'XRPUSDT': 0.7148}
2023-07-28 16:44:32,322 Balances: {'BNB': 1008.16, 'BTC': 1.080905, 'BUSD': 10000.0, 'ETH': 102.986, 'LTC': 500.0, 'TRX': 500000.0, 'USDT': 97.25646551, 'XRP': 50000.0}
2023-07-28 16:44:32,323 Current price of LTCUSDT: 91.63
2023-07-28 16:44:32,323 Balance of LTCUSDT: 500.0 (45815.0 USDT)
2023-07-28 16:44:32,637 Success Rate: 0.5
2023-07-28 16:44:32,992 Current balance: 97.25646551
2023-07-28 16:44:32,992 Processing coin: TRXUSDT
2023-07-28 16:44:32,992 Ticker prices: {'BNBUSDT': 242.3, 'BTCUSDT': 29438.01, 'ETHUSDT': 1876.52, 'LTCUSDT': 91.63, 'TRXUSDT': 0.08384, 'XRPUSDT': 0.7148}
2023-07-28 16:44:32,992 Balances: {'BNB': 1008.16, 'BTC': 1.080905, 'BUSD': 10000.0, 'ETH': 102.986, 'LTC': 500.0, 'TRX': 500000.0, 'USDT': 97.25646551, 'XRP': 50000.0}
2023-07-28 16:44:32,992 Current price of TRXUSDT: 0.08384
2023-07-28 16:44:32,993 Balance of TRXUSDT: 500000.0 (41920.0 USDT)
2023-07-28 16:44:33,455 Success Rate: 0.6
2023-07-28 16:44:33,792 Current balance: 97.25646551
2023-07-28 16:45:39,911 Processing coin: BTCUSDT
2023-07-28 16:45:39,911 Ticker prices: {'BNBUSDT': 242.3, 'BTCUSDT': 29440.76, 'ETHUSDT': 1876.57, 'LTCUSDT': 91.6, 'TRXUSDT': 0.08384, 'XRPUSDT': 0.7146}
2023-07-28 16:45:39,911 Balances: {'BNB': 1008.16, 'BTC': 1.080905, 'BUSD': 10000.0, 'ETH': 102.986, 'LTC': 500.0, 'TRX': 500000.0, 'USDT': 97.25646551, 'XRP': 50000.0}
2023-07-28 16:45:39,911 Current price of BTCUSDT: 29440.76
2023-07-28 16:45:39,911 Balance of BTCUSDT: 1.080905 (31822.6646878 USDT)
2023-07-28 16:45:40,941 Success Rate: 0.3333333333333333
2023-07-28 16:45:41,238 Current balance: 97.25646551
2023-07-28 16:45:41,239 Processing coin: ETHUSDT
2023-07-28 16:45:41,239 Ticker prices: {'BNBUSDT': 242.3, 'BTCUSDT': 29440.76, 'ETHUSDT': 1876.57, 'LTCUSDT': 91.6, 'TRXUSDT': 0.08384, 'XRPUSDT': 0.7146}
2023-07-28 16:45:41,239 Balances: {'BNB': 1008.16, 'BTC': 1.080905, 'BUSD': 10000.0, 'ETH': 102.986, 'LTC': 500.0, 'TRX': 500000.0, 'USDT': 97.25646551, 'XRP': 50000.0}
2023-07-28 16:45:41,239 Current price of ETHUSDT: 1876.57
2023-07-28 16:45:41,239 Balance of ETHUSDT: 102.986 (193260.43802 USDT)
2023-07-28 16:45:42,287 Success Rate: 0.5
2023-07-28 16:45:43,080 Current balance: 97.25646551
2023-07-28 16:45:43,080 Processing coin: BNBUSDT
2023-07-28 16:45:43,081 Ticker prices: {'BNBUSDT': 242.3, 'BTCUSDT': 29440.76, 'ETHUSDT': 1876.57, 'LTCUSDT': 91.6, 'TRXUSDT': 0.08384, 'XRPUSDT': 0.7146}
2023-07-28 16:45:43,081 Balances: {'BNB': 1008.16, 'BTC': 1.080905, 'BUSD': 10000.0, 'ETH': 102.986, 'LTC': 500.0, 'TRX': 500000.0, 'USDT': 97.25646551, 'XRP': 50000.0}
2023-07-28 16:45:43,081 Current price of BNBUSDT: 242.3
2023-07-28 16:45:43,081 Balance of BNBUSDT: 1008.16 (244277.168 USDT)
2023-07-28 16:45:43,907 Success Rate: 0.3333333333333333
2023-07-28 16:45:44,220 Current balance: 97.25646551
2023-07-28 16:45:44,220 Processing coin: XRPUSDT
2023-07-28 16:45:44,221 Ticker prices: {'BNBUSDT': 242.3, 'BTCUSDT': 29440.76, 'ETHUSDT': 1876.57, 'LTCUSDT': 91.6, 'TRXUSDT': 0.08384, 'XRPUSDT': 0.7146}
2023-07-28 16:45:44,221 Balances: {'BNB': 1008.16, 'BTC': 1.080905, 'BUSD': 10000.0, 'ETH': 102.986, 'LTC': 500.0, 'TRX': 500000.0, 'USDT': 97.25646551, 'XRP': 50000.0}
2023-07-28 16:45:44,221 Current price of XRPUSDT: 0.7146
2023-07-28 16:45:44,221 Balance of XRPUSDT: 50000.0 (35730.0 USDT)
2023-07-28 16:45:45,194 Success Rate: 0.3333333333333333
2023-07-28 16:45:45,540 Current balance: 97.25646551
2023-07-28 16:45:45,540 Processing coin: LTCUSDT
2023-07-28 16:45:45,541 Ticker prices: {'BNBUSDT': 242.3, 'BTCUSDT': 29440.76, 'ETHUSDT': 1876.57, 'LTCUSDT': 91.6, 'TRXUSDT': 0.08384, 'XRPUSDT': 0.7146}
2023-07-28 16:45:45,541 Balances: {'BNB': 1008.16, 'BTC': 1.080905, 'BUSD': 10000.0, 'ETH': 102.986, 'LTC': 500.0, 'TRX': 500000.0, 'USDT': 97.25646551, 'XRP': 50000.0}
2023-07-28 16:45:45,541 Current price of LTCUSDT: 91.6
2023-07-28 16:45:45,541 Balance of LTCUSDT: 500.0 (45800.0 USDT)
2023-07-28 16:45:45,959 Success Rate: 0.3333333333333333
2023-07-28 16:45:46,357 Current balance: 97.25646551
2023-07-28 16:45:46,357 Processing coin: TRXUSDT
2023-07-28 16:45:46,357 Ticker prices: {'BNBUSDT': 242.3, 'BTCUSDT': 29440.76, 'ETHUSDT': 1876.57, 'LTCUSDT': 91.6, 'TRXUSDT': 0.08384, 'XRPUSDT': 0.7146}
2023-07-28 16:45:46,358 Balances: {'BNB': 1008.16, 'BTC': 1.080905, 'BUSD': 10000.0, 'ETH': 102.986, 'LTC': 500.0, 'TRX': 500000.0, 'USDT': 97.25646551, 'XRP': 50000.0}
2023-07-28 16:45:46,358 Current price of TRXUSDT: 0.08384
2023-07-28 16:45:46,358 Balance of TRXUSDT: 500000.0 (41920.0 USDT)
2023-07-28 16:45:46,771 Success Rate: 0.6
2023-07-28 16:45:47,281 Current balance: 97.25646551
2023-07-28 16:46:53,306 Processing coin: BTCUSDT
2023-07-28 16:46:53,306 Ticker prices: {'BNBUSDT': 242.4, 'BTCUSDT': 29454.04, 'ETHUSDT': 1877.41, 'LTCUSDT': 91.7, 'TRXUSDT': 0.08384, 'XRPUSDT': 0.7147}
2023-07-28 16:46:53,306 Balances: {'BNB': 1008.16, 'BTC': 1.080905, 'BUSD': 10000.0, 'ETH': 102.986, 'LTC': 500.0, 'TRX': 500000.0, 'USDT': 97.25646551, 'XRP': 50000.0}
2023-07-28 16:46:53,306 Current price of BTCUSDT: 29454.04
2023-07-28 16:46:53,306 Balance of BTCUSDT: 1.080905 (31837.0191062 USDT)
2023-07-28 16:46:54,074 Success Rate: 0.3333333333333333
2023-07-28 16:46:54,870 Current balance: 97.25646551
2023-07-28 16:46:54,870 Processing coin: ETHUSDT
2023-07-28 16:46:54,870 Ticker prices: {'BNBUSDT': 242.4, 'BTCUSDT': 29454.04, 'ETHUSDT': 1877.41, 'LTCUSDT': 91.7, 'TRXUSDT': 0.08384, 'XRPUSDT': 0.7147}
2023-07-28 16:46:54,870 Balances: {'BNB': 1008.16, 'BTC': 1.080905, 'BUSD': 10000.0, 'ETH': 102.986, 'LTC': 500.0, 'TRX': 500000.0, 'USDT': 97.25646551, 'XRP': 50000.0}
2023-07-28 16:46:54,870 Current price of ETHUSDT: 1877.41
2023-07-28 16:46:54,870 Balance of ETHUSDT: 102.986 (193346.94626000003 USDT)
2023-07-28 16:46:55,174 Success Rate: 0.3333333333333333
2023-07-28 16:46:55,911 Current balance: 97.25646551
2023-07-28 16:46:55,912 Processing coin: BNBUSDT
2023-07-28 16:46:55,912 Ticker prices: {'BNBUSDT': 242.4, 'BTCUSDT': 29454.04, 'ETHUSDT': 1877.41, 'LTCUSDT': 91.7, 'TRXUSDT': 0.08384, 'XRPUSDT': 0.7147}
2023-07-28 16:46:55,912 Balances: {'BNB': 1008.16, 'BTC': 1.080905, 'BUSD': 10000.0, 'ETH': 102.986, 'LTC': 500.0, 'TRX': 500000.0, 'USDT': 97.25646551, 'XRP': 50000.0}
2023-07-28 16:46:55,912 Current price of BNBUSDT: 242.4
2023-07-28 16:46:55,912 Balance of BNBUSDT: 1008.16 (244377.984 USDT)
2023-07-28 16:46:56,199 Success Rate: 0.3333333333333333
2023-07-28 16:46:57,054 Current balance: 97.25646551
2023-07-28 16:46:57,054 Processing coin: XRPUSDT
2023-07-28 16:46:57,054 Ticker prices: {'BNBUSDT': 242.4, 'BTCUSDT': 29454.04, 'ETHUSDT': 1877.41, 'LTCUSDT': 91.7, 'TRXUSDT': 0.08384, 'XRPUSDT': 0.7147}
2023-07-28 16:46:57,054 Balances: {'BNB': 1008.16, 'BTC': 1.080905, 'BUSD': 10000.0, 'ETH': 102.986, 'LTC': 500.0, 'TRX': 500000.0, 'USDT': 97.25646551, 'XRP': 50000.0}
2023-07-28 16:46:57,054 Current price of XRPUSDT: 0.7147
2023-07-28 16:46:57,054 Balance of XRPUSDT: 50000.0 (35735.0 USDT)
2023-07-28 16:46:57,533 Success Rate: 0.3333333333333333
2023-07-28 16:46:57,833 Current balance: 97.25646551
2023-07-28 16:46:57,834 Processing coin: LTCUSDT
2023-07-28 16:46:57,834 Ticker prices: {'BNBUSDT': 242.4, 'BTCUSDT': 29454.04, 'ETHUSDT': 1877.41, 'LTCUSDT': 91.7, 'TRXUSDT': 0.08384, 'XRPUSDT': 0.7147}
2023-07-28 16:46:57,834 Balances: {'BNB': 1008.16, 'BTC': 1.080905, 'BUSD': 10000.0, 'ETH': 102.986, 'LTC': 500.0, 'TRX': 500000.0, 'USDT': 97.25646551, 'XRP': 50000.0}
2023-07-28 16:46:57,834 Current price of LTCUSDT: 91.7
2023-07-28 16:46:57,834 Balance of LTCUSDT: 500.0 (45850.0 USDT)
2023-07-28 16:46:58,153 Success Rate: 0.3333333333333333
2023-07-28 16:46:58,422 Current balance: 97.25646551
2023-07-28 16:46:58,422 Processing coin: TRXUSDT
2023-07-28 16:46:58,422 Ticker prices: {'BNBUSDT': 242.4, 'BTCUSDT': 29454.04, 'ETHUSDT': 1877.41, 'LTCUSDT': 91.7, 'TRXUSDT': 0.08384, 'XRPUSDT': 0.7147}
2023-07-28 16:46:58,422 Balances: {'BNB': 1008.16, 'BTC': 1.080905, 'BUSD': 10000.0, 'ETH': 102.986, 'LTC': 500.0, 'TRX': 500000.0, 'USDT': 97.25646551, 'XRP': 50000.0}
2023-07-28 16:46:58,422 Current price of TRXUSDT: 0.08384
2023-07-28 16:46:58,422 Balance of TRXUSDT: 500000.0 (41920.0 USDT)
2023-07-28 16:46:58,736 Success Rate: 0.6
2023-07-28 16:46:59,071 Current balance: 97.25646551
